<?xml version="1.0" encoding="UTF-8"?>
<testsuite xmlns:xsi="http://www.w3.org/2001/XMLSchema-instance" xsi:noNamespaceSchemaLocation="https://maven.apache.org/surefire/maven-surefire-plugin/xsd/surefire-test-report-3.0.xsd" version="3.0" name="TestChecksum" time="0.171" tests="4" errors="0" skipped="0" failures="0">
  <properties>
[...]
</properties>
  <testcase name="testCalcularCRC" classname="TestChecksum" time="0.066"/>
  <testcase name="testCalcularComplemento2" classname="TestChecksum" time="0.019">
    <system-out><![CDATA[exemplo.Checksum@dbf57b3
]]></system-out>
  </testcase>
  <testcase name="testLeCharDoArquivoTexto" classname="TestChecksum" time="0.014"/>
  <testcase name="testGravaChecksumSeparado" classname="TestChecksum" time="0.008">
    <system-out><![CDATA[Checksum gravado com sucesso em: teste_saida.txt
]]></system-out>
  </testcase>
</testsuite>